<?xml version="1.0" encoding="UTF-8"?>
<testng-results skipped="0" failed="0" total="1" passed="1">
  <reporter-output>
  </reporter-output>
  <suite name="Default suite" duration-ms="9978" started-at="2019-08-23T05:12:07Z" finished-at="2019-08-23T05:12:17Z">
    <groups>
    </groups>
    <test name="Default test" duration-ms="9978" started-at="2019-08-23T05:12:07Z" finished-at="2019-08-23T05:12:17Z">
      <class name="testCases.FirstTestCase">
        <test-method status="PASS" signature="setUpConfiguration()[pri:0, instance:testCases.FirstTestCase@cb0ed20]" name="setUpConfiguration" is-config="true" duration-ms="50" started-at="2019-08-23T10:42:07Z" finished-at="2019-08-23T10:42:07Z">
          <reporter-output>
          </reporter-output>
        </test-method> <!-- setUpConfiguration -->
        <test-method status="PASS" signature="chatPostMessageTestCases()[pri:0, instance:testCases.FirstTestCase@cb0ed20]" name="chatPostMessageTestCases" duration-ms="9909" started-at="2019-08-23T10:42:07Z" finished-at="2019-08-23T10:42:17Z">
          <reporter-output>
          </reporter-output>
        </test-method> <!-- chatPostMessageTestCases -->
      </class> <!-- testCases.FirstTestCase -->
    </test> <!-- Default test -->
  </suite> <!-- Default suite -->
</testng-results>
